[2025-06-26T00:00:07.102+0000] {local_task_job_runner.py:120} INFO - ::group::Pre task execution logs
[2025-06-26T00:00:07.107+0000] {taskinstance.py:2076} INFO - Dependencies all met for dep_context=non-requeueable deps ti=<TaskInstance: university_pipeline.ingest_docs scheduled__2025-06-25T00:00:00+00:00 [queued]>
[2025-06-26T00:00:07.111+0000] {taskinstance.py:2076} INFO - Dependencies all met for dep_context=requeueable deps ti=<TaskInstance: university_pipeline.ingest_docs scheduled__2025-06-25T00:00:00+00:00 [queued]>
[2025-06-26T00:00:07.111+0000] {taskinstance.py:2306} INFO - Starting attempt 1 of 1
[2025-06-26T00:00:07.263+0000] {taskinstance.py:2330} INFO - Executing <Task(PythonOperator): ingest_docs> on 2025-06-25 00:00:00+00:00
[2025-06-26T00:00:07.272+0000] {standard_task_runner.py:63} INFO - Started process 98420 to run task
[2025-06-26T00:00:07.276+0000] {standard_task_runner.py:90} INFO - Running: ['airflow', 'tasks', 'run', 'university_pipeline', 'ingest_docs', 'scheduled__2025-06-25T00:00:00+00:00', '--job-id', '24', '--raw', '--subdir', 'DAGS_FOLDER/pipeline.py', '--cfg-path', '/tmp/tmp_86_ewip']
[2025-06-26T00:00:07.278+0000] {standard_task_runner.py:91} INFO - Job 24: Subtask ingest_docs
[2025-06-26T00:00:07.316+0000] {task_command.py:426} INFO - Running <TaskInstance: university_pipeline.ingest_docs scheduled__2025-06-25T00:00:00+00:00 [running]> on host 9347c82d28d2
[2025-06-26T00:00:07.386+0000] {taskinstance.py:2648} INFO - Exporting env vars: AIRFLOW_CTX_DAG_OWNER='airflow' AIRFLOW_CTX_DAG_ID='university_pipeline' AIRFLOW_CTX_TASK_ID='ingest_docs' AIRFLOW_CTX_EXECUTION_DATE='2025-06-25T00:00:00+00:00' AIRFLOW_CTX_TRY_NUMBER='1' AIRFLOW_CTX_DAG_RUN_ID='scheduled__2025-06-25T00:00:00+00:00'
[2025-06-26T00:00:07.387+0000] {taskinstance.py:430} INFO - ::endgroup::
[2025-06-26T00:00:07.409+0000] {SentenceTransformer.py:189} INFO - Use pytorch device_name: cpu
[2025-06-26T00:00:07.409+0000] {SentenceTransformer.py:197} INFO - Load pretrained SentenceTransformer: paraphrase-multilingual-MiniLM-L12-v2
[2025-06-26T00:00:17.228+0000] {posthog.py:20} INFO - Anonymized telemetry enabled. See                     https://docs.trychroma.com/telemetry for more information.
[2025-06-26T00:00:17.553+0000] {logging_mixin.py:188} INFO - ChromaDB успешно инициализирован
[2025-06-26T00:00:18.806+0000] {sqlite.py:283} WARNING - Insert of existing embedding ID: sample.pdf_0
[2025-06-26T00:00:18.807+0000] {local_persistent_hnsw.py:298} WARNING - Add of existing embedding ID: sample.pdf_0
[2025-06-26T00:00:18.837+0000] {python.py:237} INFO - Done. Returned value was: None
[2025-06-26T00:00:18.838+0000] {taskinstance.py:441} INFO - ::group::Post task execution logs
[2025-06-26T00:00:18.841+0000] {taskinstance.py:1206} INFO - Marking task as SUCCESS. dag_id=university_pipeline, task_id=ingest_docs, run_id=scheduled__2025-06-25T00:00:00+00:00, execution_date=20250625T000000, start_date=20250626T000007, end_date=20250626T000018
[2025-06-26T00:00:18.914+0000] {local_task_job_runner.py:240} INFO - Task exited with return code 0
[2025-06-26T00:00:18.926+0000] {taskinstance.py:3498} INFO - 1 downstream tasks scheduled from follow-on schedule check
[2025-06-26T00:00:18.943+0000] {local_task_job_runner.py:222} INFO - ::endgroup::
