[2025-06-23T19:17:05.095+0000] {local_task_job_runner.py:120} INFO - ::group::Pre task execution logs
[2025-06-23T19:17:05.101+0000] {taskinstance.py:2076} INFO - Dependencies all met for dep_context=non-requeueable deps ti=<TaskInstance: university_pipeline.reindex manual__2025-06-23T18:59:49.354376+00:00 [queued]>
[2025-06-23T19:17:05.104+0000] {taskinstance.py:2076} INFO - Dependencies all met for dep_context=requeueable deps ti=<TaskInstance: university_pipeline.reindex manual__2025-06-23T18:59:49.354376+00:00 [queued]>
[2025-06-23T19:17:05.104+0000] {taskinstance.py:2306} INFO - Starting attempt 1 of 1
[2025-06-23T19:17:05.300+0000] {taskinstance.py:2330} INFO - Executing <Task(PythonOperator): reindex> on 2025-06-23 18:59:49.354376+00:00
[2025-06-23T19:17:05.310+0000] {standard_task_runner.py:63} INFO - Started process 457 to run task
[2025-06-23T19:17:05.314+0000] {standard_task_runner.py:90} INFO - Running: ['airflow', 'tasks', 'run', 'university_pipeline', 'reindex', 'manual__2025-06-23T18:59:49.354376+00:00', '--job-id', '9', '--raw', '--subdir', 'DAGS_FOLDER/pipeline.py', '--cfg-path', '/tmp/tmp37ydpq8r']
[2025-06-23T19:17:05.316+0000] {standard_task_runner.py:91} INFO - Job 9: Subtask reindex
[2025-06-23T19:17:05.365+0000] {task_command.py:426} INFO - Running <TaskInstance: university_pipeline.reindex manual__2025-06-23T18:59:49.354376+00:00 [running]> on host 9347c82d28d2
[2025-06-23T19:17:05.443+0000] {taskinstance.py:2648} INFO - Exporting env vars: AIRFLOW_CTX_DAG_OWNER='airflow' AIRFLOW_CTX_DAG_ID='university_pipeline' AIRFLOW_CTX_TASK_ID='reindex' AIRFLOW_CTX_EXECUTION_DATE='2025-06-23T18:59:49.354376+00:00' AIRFLOW_CTX_TRY_NUMBER='1' AIRFLOW_CTX_DAG_RUN_ID='manual__2025-06-23T18:59:49.354376+00:00'
[2025-06-23T19:17:05.444+0000] {taskinstance.py:430} INFO - ::endgroup::
[2025-06-23T19:17:05.456+0000] {SentenceTransformer.py:189} INFO - Use pytorch device_name: cpu
[2025-06-23T19:17:05.457+0000] {SentenceTransformer.py:197} INFO - Load pretrained SentenceTransformer: paraphrase-multilingual-MiniLM-L12-v2
[2025-06-23T19:17:13.564+0000] {posthog.py:20} INFO - Anonymized telemetry enabled. See                     https://docs.trychroma.com/telemetry for more information.
[2025-06-23T19:17:13.630+0000] {logging_mixin.py:188} INFO - ChromaDB успешно инициализирован
[2025-06-23T19:17:13.711+0000] {SentenceTransformer.py:189} INFO - Use pytorch device_name: cpu
[2025-06-23T19:17:13.711+0000] {SentenceTransformer.py:197} INFO - Load pretrained SentenceTransformer: paraphrase-multilingual-MiniLM-L12-v2
[2025-06-23T19:17:17.081+0000] {logging_mixin.py:188} INFO - ChromaDB успешно инициализирован
[2025-06-23T19:17:17.171+0000] {python.py:237} INFO - Done. Returned value was: None
[2025-06-23T19:17:17.172+0000] {taskinstance.py:441} INFO - ::group::Post task execution logs
[2025-06-23T19:17:17.176+0000] {taskinstance.py:1206} INFO - Marking task as SUCCESS. dag_id=university_pipeline, task_id=reindex, run_id=manual__2025-06-23T18:59:49.354376+00:00, execution_date=20250623T185949, start_date=20250623T191705, end_date=20250623T191717
[2025-06-23T19:17:17.271+0000] {local_task_job_runner.py:240} INFO - Task exited with return code 0
[2025-06-23T19:17:17.321+0000] {taskinstance.py:3498} INFO - 1 downstream tasks scheduled from follow-on schedule check
[2025-06-23T19:17:17.342+0000] {local_task_job_runner.py:222} INFO - ::endgroup::
