[2025-06-23T19:12:56.815+0000] {local_task_job_runner.py:120} INFO - ::group::Pre task execution logs
[2025-06-23T19:12:56.820+0000] {taskinstance.py:2076} INFO - Dependencies all met for dep_context=non-requeueable deps ti=<TaskInstance: university_pipeline.ingest_docs manual__2025-06-23T18:59:49.354376+00:00 [queued]>
[2025-06-23T19:12:56.823+0000] {taskinstance.py:2076} INFO - Dependencies all met for dep_context=requeueable deps ti=<TaskInstance: university_pipeline.ingest_docs manual__2025-06-23T18:59:49.354376+00:00 [queued]>
[2025-06-23T19:12:56.823+0000] {taskinstance.py:2306} INFO - Starting attempt 1 of 1
[2025-06-23T19:12:56.993+0000] {taskinstance.py:2330} INFO - Executing <Task(PythonOperator): ingest_docs> on 2025-06-23 18:59:49.354376+00:00
[2025-06-23T19:12:57.002+0000] {standard_task_runner.py:63} INFO - Started process 342 to run task
[2025-06-23T19:12:57.004+0000] {standard_task_runner.py:90} INFO - Running: ['airflow', 'tasks', 'run', 'university_pipeline', 'ingest_docs', 'manual__2025-06-23T18:59:49.354376+00:00', '--job-id', '4', '--raw', '--subdir', 'DAGS_FOLDER/pipeline.py', '--cfg-path', '/tmp/tmpyu3tjn8y']
[2025-06-23T19:12:57.006+0000] {standard_task_runner.py:91} INFO - Job 4: Subtask ingest_docs
[2025-06-23T19:12:57.045+0000] {task_command.py:426} INFO - Running <TaskInstance: university_pipeline.ingest_docs manual__2025-06-23T18:59:49.354376+00:00 [running]> on host 4747226b5ba4
[2025-06-23T19:12:57.122+0000] {taskinstance.py:2648} INFO - Exporting env vars: AIRFLOW_CTX_DAG_OWNER='airflow' AIRFLOW_CTX_DAG_ID='university_pipeline' AIRFLOW_CTX_TASK_ID='ingest_docs' AIRFLOW_CTX_EXECUTION_DATE='2025-06-23T18:59:49.354376+00:00' AIRFLOW_CTX_TRY_NUMBER='1' AIRFLOW_CTX_DAG_RUN_ID='manual__2025-06-23T18:59:49.354376+00:00'
[2025-06-23T19:12:57.122+0000] {taskinstance.py:430} INFO - ::endgroup::
[2025-06-23T19:12:57.132+0000] {SentenceTransformer.py:189} INFO - Use pytorch device_name: cpu
[2025-06-23T19:12:57.132+0000] {SentenceTransformer.py:197} INFO - Load pretrained SentenceTransformer: paraphrase-multilingual-MiniLM-L12-v2
[2025-06-23T19:13:04.990+0000] {posthog.py:20} INFO - Anonymized telemetry enabled. See                     https://docs.trychroma.com/telemetry for more information.
[2025-06-23T19:13:05.056+0000] {logging_mixin.py:188} INFO - ChromaDB успешно инициализирован
[2025-06-23T19:13:05.115+0000] {local_persistent_hnsw.py:298} WARNING - Add of existing embedding ID: sample.pdf_0
[2025-06-23T19:13:05.116+0000] {sqlite.py:283} WARNING - Insert of existing embedding ID: sample.pdf_0
[2025-06-23T19:13:05.116+0000] {local_persistent_hnsw.py:298} WARNING - Add of existing embedding ID: sample.pdf_0
[2025-06-23T19:13:05.173+0000] {python.py:237} INFO - Done. Returned value was: None
[2025-06-23T19:13:05.173+0000] {taskinstance.py:441} INFO - ::group::Post task execution logs
[2025-06-23T19:13:05.177+0000] {taskinstance.py:1206} INFO - Marking task as SUCCESS. dag_id=university_pipeline, task_id=ingest_docs, run_id=manual__2025-06-23T18:59:49.354376+00:00, execution_date=20250623T185949, start_date=20250623T191256, end_date=20250623T191305
[2025-06-23T19:13:05.235+0000] {local_task_job_runner.py:240} INFO - Task exited with return code 0
[2025-06-23T19:13:05.243+0000] {taskinstance.py:3498} INFO - 1 downstream tasks scheduled from follow-on schedule check
[2025-06-23T19:13:05.264+0000] {local_task_job_runner.py:222} INFO - ::endgroup::
